\BOOKMARK [1][-]{section.0.1}{Resumo}{}% 1
\BOOKMARK [0][-]{chapter.1}{Introdu\347\343o}{}% 2
\BOOKMARK [0][-]{chapter.2}{Descri\347\343o da Palestra}{}% 3
\BOOKMARK [1][-]{section.2.1}{Apresenta\347\343o}{chapter.2}% 4
\BOOKMARK [1][-]{section.2.2}{Historia}{chapter.2}% 5
\BOOKMARK [1][-]{section.2.3}{O que fazem}{chapter.2}% 6
\BOOKMARK [1][-]{section.2.4}{A Organiza\347\343o}{chapter.2}% 7
\BOOKMARK [1][-]{section.2.5}{Col\351gios}{chapter.2}% 8
\BOOKMARK [1][-]{section.2.6}{Membros}{chapter.2}% 9
\BOOKMARK [1][-]{section.2.7}{Respondendo as quest\365es iniciais}{chapter.2}% 10
\BOOKMARK [1][-]{section.2.8}{Processo de admiss\343o e qualifica\347\343o}{chapter.2}% 11
\BOOKMARK [1][-]{section.2.9}{N\355veis de qualifica\347\343o}{chapter.2}% 12
\BOOKMARK [1][-]{section.2.10}{Prestigio/Benef\355cios}{chapter.2}% 13
\BOOKMARK [1][-]{section.2.11}{Regalias para os membros}{chapter.2}% 14
\BOOKMARK [1][-]{section.2.12}{Col\351gio de Inform\341tica}{chapter.2}% 15
\BOOKMARK [2][-]{subsection.2.12.1}{Atos de engenharia Inform\341tica}{section.2.12}% 16
\BOOKMARK [1][-]{section.2.13}{Engenheiros pelo mundo}{chapter.2}% 17
\BOOKMARK [0][-]{chapter.3}{An\341lise Cr\355tica}{}% 18
\BOOKMARK [1][-]{section.3.1}{Apresenta\347\343o}{chapter.3}% 19
\BOOKMARK [0][-]{chapter.4}{Conclus\343o}{}% 20
